<?xml version="1.0" encoding="UTF-8"?><testsuite errors="4" failures="0" name="in.co.gorest.userinfo.UserCURDTestWithSteps" skipped="0" tests="10" time="8.1" timestamp="2022-06-21T11:48:36.504+01:00[Europe/London]"><testcase classname="in.co.gorest.userinfo.UserCURDTestWithSteps" name="This will create a new User"/><testcase classname="in.co.gorest.userinfo.UserCURDTestWithSteps" name="This will Fetch user by ID"/><testcase classname="in.co.gorest.userinfo.UserCURDTestWithSteps" name="This will Fetch user by ID"/><testcase classname="in.co.gorest.userinfo.UserCURDTestWithSteps" name="This will Delete user by ID"/><testcase classname="in.co.gorest.userinfo.UserCURDTestWithSteps" name="1. This will Verify if Total record is 20"/><testcase classname="in.co.gorest.userinfo.UserCURDTestWithSteps" name="2.id 3838 has name =Chaturbhuj Nehru DVM"><error message="Index: 0, Size: 0" type="java.lang.IndexOutOfBoundsException">Index: 0, Size: 0</error><system-err>Index: 0, Size: 0&#13;
in.co.gorest.userinfo.UserCURDTestWithSteps.test006(UserCURDTestWithSteps.java:81)&#13;
</system-err></testcase><testcase classname="in.co.gorest.userinfo.UserCURDTestWithSteps" name="3. id 3838 has email =dvm_chaturbhuj_nehru@pagac.name"><error message="Index: 0, Size: 0" type="java.lang.IndexOutOfBoundsException">Index: 0, Size: 0</error><system-err>Index: 0, Size: 0&#13;
in.co.gorest.userinfo.UserCURDTestWithSteps.test007(UserCURDTestWithSteps.java:89)&#13;
</system-err></testcase><testcase classname="in.co.gorest.userinfo.UserCURDTestWithSteps" name="4.All ID has status =active"/><testcase classname="in.co.gorest.userinfo.UserCURDTestWithSteps" name="5.id 3829 has gender =female"><error message="Index: 0, Size: 0" type="java.lang.IndexOutOfBoundsException">Index: 0, Size: 0</error><system-err>Index: 0, Size: 0&#13;
in.co.gorest.userinfo.UserCURDTestWithSteps.test009(UserCURDTestWithSteps.java:109)&#13;
</system-err></testcase><testcase classname="in.co.gorest.userinfo.UserCURDTestWithSteps" name="6.id 3819 has gender =female"><error message="Index: 0, Size: 0" type="java.lang.IndexOutOfBoundsException">Index: 0, Size: 0</error><system-err>Index: 0, Size: 0&#13;
in.co.gorest.userinfo.UserCURDTestWithSteps.test010(UserCURDTestWithSteps.java:116)&#13;
</system-err></testcase></testsuite>